<?xml version="1.0" encoding="UTF-8"?>
<testng-results skipped="0" failed="0" total="1" passed="1">
  <reporter-output>
    <line>
      <![CDATA[No of rows in TCSheet::4  No of rows in TSSheet::4]]>
    </line>
    <line>
      <![CDATA[4  10  4   14]]>
    </line>
    <line>
      <![CDATA[login success::adminflow   http://primusbank.qedgetech.com/adminflow.aspx]]>
    </line>
    <line>
      <![CDATA[Admin Logout success]]>
    </line>
    <line>
      <![CDATA[login success::adminflow   http://primusbank.qedgetech.com/adminflow.aspx]]>
    </line>
    <line>
      <![CDATA[New Branch with id 6 created Sucessfully]]>
    </line>
    <line>
      <![CDATA[Admin Logout success]]>
    </line>
    <line>
      <![CDATA[login success::adminflow   http://primusbank.qedgetech.com/adminflow.aspx]]>
    </line>
    <line>
      <![CDATA[Branch updated Sucessfully]]>
    </line>
    <line>
      <![CDATA[Admin Logout success]]>
    </line>
  </reporter-output>
  <suite name="Default suite" duration-ms="60101" started-at="2022-08-16T08:42:09Z" finished-at="2022-08-16T08:43:09Z">
    <groups>
    </groups>
    <test name="Default test" duration-ms="60101" started-at="2022-08-16T08:42:09Z" finished-at="2022-08-16T08:43:09Z">
      <class name="driverFactory.DriverScript1">
        <test-method status="PASS" signature="setup()[pri:0, instance:driverFactory.DriverScript1@29774679]" name="setup" is-config="true" duration-ms="6696" started-at="2022-08-16T14:12:02Z" finished-at="2022-08-16T14:12:09Z">
          <reporter-output>
          </reporter-output>
        </test-method> <!-- setup -->
        <test-method status="PASS" signature="starttest()[pri:0, instance:driverFactory.DriverScript1@29774679]" name="starttest" duration-ms="60061" started-at="2022-08-16T14:12:09Z" finished-at="2022-08-16T14:13:09Z">
          <reporter-output>
            <line>
              <![CDATA[No of rows in TCSheet::4  No of rows in TSSheet::4]]>
            </line>
            <line>
              <![CDATA[4  10  4   14]]>
            </line>
            <line>
              <![CDATA[login success::adminflow   http://primusbank.qedgetech.com/adminflow.aspx]]>
            </line>
            <line>
              <![CDATA[Admin Logout success]]>
            </line>
            <line>
              <![CDATA[login success::adminflow   http://primusbank.qedgetech.com/adminflow.aspx]]>
            </line>
            <line>
              <![CDATA[New Branch with id 6 created Sucessfully]]>
            </line>
            <line>
              <![CDATA[Admin Logout success]]>
            </line>
            <line>
              <![CDATA[login success::adminflow   http://primusbank.qedgetech.com/adminflow.aspx]]>
            </line>
            <line>
              <![CDATA[Branch updated Sucessfully]]>
            </line>
            <line>
              <![CDATA[Admin Logout success]]>
            </line>
          </reporter-output>
        </test-method> <!-- starttest -->
        <test-method status="PASS" signature="teardown()[pri:0, instance:driverFactory.DriverScript1@29774679]" name="teardown" is-config="true" duration-ms="152" started-at="2022-08-16T14:13:09Z" finished-at="2022-08-16T14:13:09Z">
          <reporter-output>
          </reporter-output>
        </test-method> <!-- teardown -->
      </class> <!-- driverFactory.DriverScript1 -->
    </test> <!-- Default test -->
  </suite> <!-- Default suite -->
</testng-results>
